#
# There is insufficient memory for the Java Runtime Environment to continue.
# Native memory allocation (malloc) failed to allocate 1847120 bytes for Chunk::new
# Possible reasons:
#   The system is out of physical RAM or swap space
#   In 32 bit mode, the process size limit was hit
# Possible solutions:
#   Reduce memory load on the system
#   Increase physical memory or swap space
#   Check if swap backing store is full
#   Use 64 bit Java on a 64 bit OS
#   Decrease Java heap size (-Xmx/-Xms)
#   Decrease number of Java threads
#   Decrease Java thread stack sizes (-Xss)
#   Set larger code cache with -XX:ReservedCodeCacheSize=
# This output file may be truncated or incomplete.
#
#  Out of Memory Error (allocation.cpp:390), pid=18108, tid=0x0000000000004580
#
# JRE version: OpenJDK Runtime Environment (8.0_152-b02) (build 1.8.0_152-release-1024-b02)
# Java VM: OpenJDK 64-Bit Server VM (25.152-b02 mixed mode windows-amd64 compressed oops)
# Failed to write core dump. Minidumps are not enabled by default on client versions of Windows
#

---------------  T H R E A D  ---------------

Current thread (0x000000001654f800):  JavaThread "C2 CompilerThread1" daemon [_thread_in_native, id=17792, stack(0x0000000017c90000,0x0000000017d90000)]

Stack: [0x0000000017c90000,0x0000000017d90000]
[error occurred during error reporting (printing stack bounds), id 0xc0000005]

Native frames: (J=compiled Java code, j=interpreted, Vv=VM code, C=native code)


Current CompileTask:
C2:   4290 1410       4       java.net.URLClassLoader$1::run (5 bytes)


---------------  P R O C E S S  ---------------

Java Threads: ( => current thread )
  0x000000001b149800 JavaThread "Cache worker for file hash cache (D:\Project\Android\innoserve\.gradle\4.4\fileHashes)" [_thread_blocked, id=2836, stack(0x000000001c0a0000,0x000000001c1a0000)]
  0x00000000198d9800 JavaThread "File lock request listener" [_thread_in_native, id=6336, stack(0x000000001bfa0000,0x000000001c0a0000)]
  0x00000000198d8800 JavaThread "Cache worker for file hash cache (C:\Users\Faishal Rachman\.gradle\caches\4.4\fileHashes)" [_thread_blocked, id=15060, stack(0x000000001aed0000,0x000000001afd0000)]
  0x000000001979c800 JavaThread "Stdin handler" [_thread_blocked, id=10668, stack(0x000000001abd0000,0x000000001acd0000)]
  0x000000001979b800 JavaThread "Asynchronous log dispatcher for DefaultDaemonConnection: socket connection from /127.0.0.1:55205 to /127.0.0.1:55206" [_thread_blocked, id=7432, stack(0x000000001aad0000,0x000000001abd0000)]
  0x000000001977d000 JavaThread "Daemon worker" [_thread_blocked, id=17184, stack(0x000000001a9d0000,0x000000001aad0000)]
  0x0000000019776800 JavaThread "Cancel handler" [_thread_blocked, id=11504, stack(0x000000001a8d0000,0x000000001a9d0000)]
  0x000000001975c000 JavaThread "Handler for socket connection from /127.0.0.1:55205 to /127.0.0.1:55206" [_thread_in_native, id=17972, stack(0x000000001a5d0000,0x000000001a6d0000)]
  0x0000000019759000 JavaThread "Daemon" [_thread_blocked, id=3204, stack(0x000000001a4d0000,0x000000001a5d0000)]
  0x0000000019553000 JavaThread "Daemon periodic checks" [_thread_blocked, id=9728, stack(0x000000001a3d0000,0x000000001a4d0000)]
  0x0000000019539000 JavaThread "Incoming local TCP Connector on port 55205" [_thread_in_native, id=5840, stack(0x000000001a1a0000,0x000000001a2a0000)]
  0x0000000017eb1800 JavaThread "Service Thread" daemon [_thread_blocked, id=14892, stack(0x0000000018290000,0x0000000018390000)]
  0x0000000016553000 JavaThread "C1 CompilerThread2" daemon [_thread_blocked, id=8396, stack(0x0000000017d90000,0x0000000017e90000)]
=>0x000000001654f800 JavaThread "C2 CompilerThread1" daemon [_thread_in_native, id=17792, stack(0x0000000017c90000,0x0000000017d90000)]
  0x000000001654b800 JavaThread "C2 CompilerThread0" daemon [_thread_in_native, id=3320, stack(0x0000000017b90000,0x0000000017c90000)]
  0x000000001654a000 JavaThread "Attach Listener" daemon [_thread_blocked, id=16968, stack(0x0000000017a90000,0x0000000017b90000)]
  0x0000000016548800 JavaThread "Signal Dispatcher" daemon [_thread_blocked, id=12724, stack(0x0000000017990000,0x0000000017a90000)]
  0x0000000002bdc800 JavaThread "Finalizer" daemon [_thread_blocked, id=7920, stack(0x00000000177a0000,0x00000000178a0000)]
  0x0000000002bd1800 JavaThread "Reference Handler" daemon [_thread_blocked, id=16768, stack(0x00000000176a0000,0x00000000177a0000)]
  0x000000000126e800 JavaThread "main" [_thread_blocked, id=14196, stack(0x00000000029b0000,0x0000000002ab0000)]

Other Threads:
  0x0000000016516000 VMThread [stack: 0x00000000175a0000,0x00000000176a0000] [id=9192]
  0x0000000017eb2000 WatcherThread [stack: 0x0000000018390000,0x0000000018490000] [id=2592]

VM state:at safepoint (normal execution)

VM Mutex/Monitor currently owned by a thread:  ([mutex/lock_event])
[0x000000000126d8c0] Threads_lock - owner thread: 0x0000000016516000
[0x000000000126de40] Heap_lock - owner thread: 0x000000001977d000

Heap:
 PSYoungGen      total 106496K, used 7249K [0x00000000e0000000, 0x00000000e7000000, 0x0000000100000000)
  eden space 98304K, 0% used [0x00000000e0000000,0x00000000e0000000,0x00000000e6000000)
  from space 8192K, 88% used [0x00000000e6000000,0x00000000e6714698,0x00000000e6800000)
  to   space 8192K, 0% used [0x00000000e6800000,0x00000000e6800000,0x00000000e7000000)
 ParOldGen       total 131072K, used 32K [0x00000000a0000000, 0x00000000a8000000, 0x00000000e0000000)
  object space 131072K, 0% used [0x00000000a0000000,0x00000000a0008000,0x00000000a8000000)
 Metaspace       used 16221K, capacity 16502K, committed 16640K, reserved 1067008K
  class space    used 2301K, capacity 2443K, committed 2560K, reserved 1048576K

Card table byte_map: [0x0000000011fa0000,0x00000000122b0000] byte_map_base: 0x0000000011aa0000

Marking Bits: (ParMarkBitMap*) 0x000000006f7b4970
 Begin Bits: [0x00000000128b0000, 0x00000000140b0000)
 End Bits:   [0x00000000140b0000, 0x00000000158b0000)

Polling page: 0x00000000011d0000

CodeCache: size=245760Kb used=5239Kb max_used=5239Kb free=240520Kb
 bounds [0x0000000002be0000, 0x0000000003110000, 0x0000000011be0000]
 total_blobs=1927 nmethods=1554 adapters=286
 compilation: enabled

Compilation events (10 events):
Event: 3.981 Thread 0x0000000016553000 nmethod 1525 0x00000000030f2090 code [0x00000000030f2280, 0x00000000030f2bf8]
Event: 3.981 Thread 0x0000000016553000 1526       3       java.io.ByteArrayOutputStream::<init> (7 bytes)
Event: 3.981 Thread 0x0000000016553000 nmethod 1526 0x00000000030f3010 code [0x00000000030f3180, 0x00000000030f3308]
Event: 3.981 Thread 0x0000000016553000 1527       1       sun.misc.ProxyGenerator::access$800 (5 bytes)
Event: 3.981 Thread 0x0000000016553000 nmethod 1527 0x00000000030f3390 code [0x00000000030f34e0, 0x00000000030f35d0]
Event: 3.982 Thread 0x0000000016553000 1528       3       java.lang.Class::arrayContentsEq (70 bytes)
Event: 3.982 Thread 0x0000000016553000 nmethod 1528 0x00000000030f3650 code [0x00000000030f37e0, 0x00000000030f3c10]
Event: 3.983 Thread 0x0000000016553000 1529       3       sun.misc.ProxyGenerator::access$700 (7 bytes)
Event: 3.983 Thread 0x0000000016553000 nmethod 1529 0x00000000030f3d90 code [0x00000000030f3f00, 0x00000000030f40e8]
Event: 3.987 Thread 0x000000001654b800 1530   !   4       java.net.URLClassLoader$1::run (63 bytes)

GC Heap History (4 events):
Event: 1.631 GC heap before
{Heap before GC invocations=1 (full 0):
 PSYoungGen      total 57344K, used 49152K [0x00000000e0000000, 0x00000000e4000000, 0x0000000100000000)
  eden space 49152K, 100% used [0x00000000e0000000,0x00000000e3000000,0x00000000e3000000)
  from space 8192K, 0% used [0x00000000e3800000,0x00000000e3800000,0x00000000e4000000)
  to   space 8192K, 0% used [0x00000000e3000000,0x00000000e3000000,0x00000000e3800000)
 ParOldGen       total 131072K, used 0K [0x00000000a0000000, 0x00000000a8000000, 0x00000000e0000000)
  object space 131072K, 0% used [0x00000000a0000000,0x00000000a0000000,0x00000000a8000000)
 Metaspace       used 6824K, capacity 6952K, committed 7168K, reserved 1056768K
  class space    used 850K, capacity 916K, committed 1024K, reserved 1048576K
Event: 1.700 GC heap after
Heap after GC invocations=1 (full 0):
 PSYoungGen      total 57344K, used 5214K [0x00000000e0000000, 0x00000000e7000000, 0x0000000100000000)
  eden space 49152K, 0% used [0x00000000e0000000,0x00000000e0000000,0x00000000e3000000)
  from space 8192K, 63% used [0x00000000e3000000,0x00000000e3517910,0x00000000e3800000)
  to   space 8192K, 0% used [0x00000000e6800000,0x00000000e6800000,0x00000000e7000000)
 ParOldGen       total 131072K, used 16K [0x00000000a0000000, 0x00000000a8000000, 0x00000000e0000000)
  object space 131072K, 0% used [0x00000000a0000000,0x00000000a0004000,0x00000000a8000000)
 Metaspace       used 6824K, capacity 6952K, committed 7168K, reserved 1056768K
  class space    used 850K, capacity 916K, committed 1024K, reserved 1048576K
}
Event: 3.552 GC heap before
{Heap before GC invocations=2 (full 0):
 PSYoungGen      total 57344K, used 54366K [0x00000000e0000000, 0x00000000e7000000, 0x0000000100000000)
  eden space 49152K, 100% used [0x00000000e0000000,0x00000000e3000000,0x00000000e3000000)
  from space 8192K, 63% used [0x00000000e3000000,0x00000000e3517910,0x00000000e3800000)
  to   space 8192K, 0% used [0x00000000e6800000,0x00000000e6800000,0x00000000e7000000)
 ParOldGen       total 131072K, used 16K [0x00000000a0000000, 0x00000000a8000000, 0x00000000e0000000)
  object space 131072K, 0% used [0x00000000a0000000,0x00000000a0004000,0x00000000a8000000)
 Metaspace       used 14049K, capacity 14422K, committed 14720K, reserved 1062912K
  class space    used 1947K, capacity 2091K, committed 2176K, reserved 1048576K
Event: 3.560 GC heap after
Heap after GC invocations=2 (full 0):
 PSYoungGen      total 106496K, used 8170K [0x00000000e0000000, 0x00000000e7000000, 0x0000000100000000)
  eden space 98304K, 0% used [0x00000000e0000000,0x00000000e0000000,0x00000000e6000000)
  from space 8192K, 99% used [0x00000000e6800000,0x00000000e6ffa908,0x00000000e7000000)
  to   space 8192K, 0% used [0x00000000e6000000,0x00000000e6000000,0x00000000e6800000)
 ParOldGen       total 131072K, used 24K [0x00000000a0000000, 0x00000000a8000000, 0x00000000e0000000)
  object space 131072K, 0% used [0x00000000a0000000,0x00000000a0006000,0x00000000a8000000)
 Metaspace       used 14049K, capacity 14422K, committed 14720K, reserved 1062912K
  class space    used 1947K, capacity 2091K, committed 2176K, reserved 1048576K
}

Deoptimization events (10 events):
Event: 2.262 Thread 0x000000000126e800 Uncommon trap: reason=unstable_if action=reinterpret pc=0x0000000002eabe40 method=java.io.WinNTFileSystem.normalize(Ljava/lang/String;)Ljava/lang/String; @ 128
Event: 2.262 Thread 0x000000000126e800 Uncommon trap: reason=unstable_if action=reinterpret pc=0x0000000002ef1de4 method=java.io.WinNTFileSystem.normalize(Ljava/lang/String;II)Ljava/lang/String; @ 90
Event: 2.829 Thread 0x000000001975c000 Uncommon trap: reason=unstable_if action=reinterpret pc=0x0000000002f8e394 method=java.util.concurrent.ConcurrentHashMap.putVal(Ljava/lang/Object;Ljava/lang/Object;Z)Ljava/lang/Object; @ 206
Event: 2.973 Thread 0x000000001977d000 Uncommon trap: reason=bimorphic action=maybe_recompile pc=0x0000000002f21f68 method=java.util.HashMap.putVal(ILjava/lang/Object;Ljava/lang/Object;ZZ)Ljava/lang/Object; @ 253
Event: 2.974 Thread 0x000000001977d000 Uncommon trap: reason=bimorphic action=maybe_recompile pc=0x0000000002f21f68 method=java.util.HashMap.putVal(ILjava/lang/Object;Ljava/lang/Object;ZZ)Ljava/lang/Object; @ 253
Event: 2.974 Thread 0x000000001977d000 Uncommon trap: reason=bimorphic action=maybe_recompile pc=0x000000000304ab2c method=java.util.HashMap.putVal(ILjava/lang/Object;Ljava/lang/Object;ZZ)Ljava/lang/Object; @ 253
Event: 3.019 Thread 0x000000001977d000 Uncommon trap: reason=class_check action=maybe_recompile pc=0x0000000002ea8c58 method=java.util.regex.Matcher.match(II)Z @ 86
Event: 3.551 Thread 0x000000001977d000 Uncommon trap: reason=class_check action=maybe_recompile pc=0x0000000002ea8c58 method=java.util.regex.Matcher.match(II)Z @ 86
Event: 3.551 Thread 0x000000001977d000 Uncommon trap: reason=class_check action=maybe_recompile pc=0x0000000002e6c45c method=java.util.regex.Matcher.match(II)Z @ 86
Event: 3.710 Thread 0x000000001977d000 Uncommon trap: reason=unstable_if action=reinterpret pc=0x000000000307e9b4 method=java.lang.String.lastIndexOf([CII[CIII)I @ 66

Classes redefined (0 events):
No events

Internal exceptions (10 events):
Event: 2.851 Thread 0x000000001975c000 Exception <a 'java/lang/NoSuchMethodError': <clinit>> (0x00000000e1513240) thrown at [D:\src\AOSP-openjdk-cygwin\jdk8u\hotspot\src\share\vm\prims\jni.cpp, line 1613]
Event: 2.851 Thread 0x000000001975c000 Exception <a 'java/lang/NoSuchMethodError': <clinit>> (0x00000000e151bd08) thrown at [D:\src\AOSP-openjdk-cygwin\jdk8u\hotspot\src\share\vm\prims\jni.cpp, line 1613]
Event: 2.853 Thread 0x000000001975c000 Exception <a 'java/lang/NoSuchMethodError': <clinit>> (0x00000000e152d480) thrown at [D:\src\AOSP-openjdk-cygwin\jdk8u\hotspot\src\share\vm\prims\jni.cpp, line 1613]
Event: 2.877 Thread 0x000000001975c000 Exception <a 'java/lang/NoSuchMethodError': <clinit>> (0x00000000e1592ac8) thrown at [D:\src\AOSP-openjdk-cygwin\jdk8u\hotspot\src\share\vm\prims\jni.cpp, line 1613]
Event: 2.888 Thread 0x000000001975c000 Exception <a 'java/lang/NoSuchMethodError': <clinit>> (0x00000000e15b61b0) thrown at [D:\src\AOSP-openjdk-cygwin\jdk8u\hotspot\src\share\vm\prims\jni.cpp, line 1613]
Event: 2.900 Thread 0x000000001975c000 Exception <a 'java/lang/NoSuchMethodError': <clinit>> (0x00000000e15dfcf0) thrown at [D:\src\AOSP-openjdk-cygwin\jdk8u\hotspot\src\share\vm\prims\jni.cpp, line 1613]
Event: 2.903 Thread 0x000000001975c000 Exception <a 'java/lang/NoSuchMethodError': <clinit>> (0x00000000e15ed988) thrown at [D:\src\AOSP-openjdk-cygwin\jdk8u\hotspot\src\share\vm\prims\jni.cpp, line 1613]
Event: 2.919 Thread 0x000000001975c000 Exception <a 'java/lang/NoSuchMethodError': <clinit>> (0x00000000e16111e0) thrown at [D:\src\AOSP-openjdk-cygwin\jdk8u\hotspot\src\share\vm\prims\jni.cpp, line 1613]
Event: 2.961 Thread 0x000000001977d000 Exception <a 'java/lang/NoSuchMethodError': <clinit>> (0x00000000e16be350) thrown at [D:\src\AOSP-openjdk-cygwin\jdk8u\hotspot\src\share\vm\prims\jni.cpp, line 1613]
Event: 2.962 Thread 0x000000001977d000 Exception <a 'java/lang/NoSuchMethodError': <clinit>> (0x00000000e16c65d8) thrown at [D:\src\AOSP-openjdk-cygwin\jdk8u\hotspot\src\share\vm\prims\jni.cpp, line 1613]

Events (10 events):
Event: 3.989 loading class javax/inject/Inject
Event: 3.989 loading class javax/inject/Inject done
Event: 3.990 loading class java/util/TreeMap$Values
Event: 3.990 loading class java/util/TreeMap$Values done
Event: 3.990 loading class java/util/TreeMap$ValueIterator
Event: 3.990 loading class java/util/TreeMap$ValueIterator done
Event: 3.990 loading class groovy/lang/Closure
Event: 3.990 loading class groovy/lang/Closure done
Event: 3.997 loading class groovy/lang/GroovyCallable
Event: 3.997 loading class groovy/lang/GroovyCallable done


Dynamic libraries:
0x00007ff6a10a0000 - 0x00007ff6a10d1000 	C:\Program Files\Android\Android Studio\jre\bin\java.exe
0x00007ffe8e3a0000 - 0x00007ffe8e572000 	C:\Windows\SYSTEM32\ntdll.dll
0x00007ffe8db60000 - 0x00007ffe8dc0c000 	C:\Windows\System32\KERNEL32.DLL
0x00007ffe765c0000 - 0x00007ffe765f4000 	C:\Program Files\AVAST Software\Avast\x64\aswhooka.dll
0x00007ffe8a8f0000 - 0x00007ffe8ab0d000 	C:\Windows\System32\KERNELBASE.dll
0x00007ffe8de10000 - 0x00007ffe8deb2000 	C:\Windows\System32\ADVAPI32.dll
0x00007ffe8d790000 - 0x00007ffe8d82e000 	C:\Windows\System32\msvcrt.dll
0x00007ffe8ce50000 - 0x00007ffe8cea9000 	C:\Windows\System32\sechost.dll
0x00007ffe8d5a0000 - 0x00007ffe8d6c1000 	C:\Windows\System32\RPCRT4.dll
0x00007ffe8e230000 - 0x00007ffe8e395000 	C:\Windows\System32\USER32.dll
0x00007ffe8ae00000 - 0x00007ffe8ae1e000 	C:\Windows\System32\win32u.dll
0x00007ffe8d900000 - 0x00007ffe8d934000 	C:\Windows\System32\GDI32.dll
0x00007ffe8ab10000 - 0x00007ffe8ac90000 	C:\Windows\System32\gdi32full.dll
0x00007ffe7fa10000 - 0x00007ffe7fc8a000 	C:\Windows\WinSxS\amd64_microsoft.windows.common-controls_6595b64144ccf1df_6.0.14393.953_none_42151e83c686086b\COMCTL32.dll
0x00007ffe8df60000 - 0x00007ffe8e228000 	C:\Windows\System32\combase.dll
0x00007ffe8ad00000 - 0x00007ffe8adf5000 	C:\Windows\System32\ucrtbase.dll
0x00007ffe8ac90000 - 0x00007ffe8acfa000 	C:\Windows\System32\bcryptPrimitives.dll
0x00007ffe8dec0000 - 0x00007ffe8deee000 	C:\Windows\System32\IMM32.DLL
0x000000006ef10000 - 0x000000006efe2000 	C:\Program Files\Android\Android Studio\jre\jre\bin\msvcr100.dll
0x000000006eff0000 - 0x000000006f82f000 	C:\Program Files\Android\Android Studio\jre\jre\bin\server\jvm.dll
0x00007ffe8ce40000 - 0x00007ffe8ce48000 	C:\Windows\System32\PSAPI.DLL
0x00007ffe7f930000 - 0x00007ffe7f939000 	C:\Windows\SYSTEM32\WSOCK32.dll
0x00007ffe8d890000 - 0x00007ffe8d8fa000 	C:\Windows\System32\WS2_32.dll
0x00007ffe88c40000 - 0x00007ffe88c63000 	C:\Windows\SYSTEM32\WINMM.dll
0x00007ffe858f0000 - 0x00007ffe858fa000 	C:\Windows\SYSTEM32\VERSION.dll
0x00007ffe88c10000 - 0x00007ffe88c3b000 	C:\Windows\SYSTEM32\WINMMBASE.dll
0x00007ffe8a8a0000 - 0x00007ffe8a8e2000 	C:\Windows\System32\cfgmgr32.dll
0x00007ffe86b30000 - 0x00007ffe86b3f000 	C:\Program Files\Android\Android Studio\jre\jre\bin\verify.dll
0x00007ffe7d280000 - 0x00007ffe7d2a9000 	C:\Program Files\Android\Android Studio\jre\jre\bin\java.dll
0x00007ffe86450000 - 0x00007ffe86466000 	C:\Program Files\Android\Android Studio\jre\jre\bin\zip.dll
0x00007ffe8b930000 - 0x00007ffe8ce39000 	C:\Windows\System32\SHELL32.dll
0x00007ffe8ae20000 - 0x00007ffe8b4f9000 	C:\Windows\System32\windows.storage.dll
0x00007ffe8a850000 - 0x00007ffe8a89c000 	C:\Windows\System32\powrprof.dll
0x00007ffe8dc10000 - 0x00007ffe8dc62000 	C:\Windows\System32\shlwapi.dll
0x00007ffe8a830000 - 0x00007ffe8a83f000 	C:\Windows\System32\kernel.appcore.dll
0x00007ffe8b500000 - 0x00007ffe8b5a9000 	C:\Windows\System32\shcore.dll
0x00007ffe8a810000 - 0x00007ffe8a824000 	C:\Windows\System32\profapi.dll
0x00007ffe84e60000 - 0x00007ffe84e7a000 	C:\Program Files\Android\Android Studio\jre\jre\bin\net.dll
0x00007ffe8a0e0000 - 0x00007ffe8a13c000 	C:\Windows\system32\mswsock.dll
0x00007ffe7dbb0000 - 0x00007ffe7dbc1000 	C:\Program Files\Android\Android Studio\jre\jre\bin\nio.dll
0x00007ffe7f5a0000 - 0x00007ffe7f5be000 	C:\Users\Faishal Rachman\.gradle\native\25\windows-amd64\native-platform.dll
0x00007ffe86b20000 - 0x00007ffe86b2d000 	C:\Program Files\Android\Android Studio\jre\jre\bin\management.dll
0x00007ffe8a290000 - 0x00007ffe8a2a7000 	C:\Windows\SYSTEM32\CRYPTSP.dll
0x00007ffe89ce0000 - 0x00007ffe89d13000 	C:\Windows\system32\rsaenh.dll
0x00007ffe8a750000 - 0x00007ffe8a77b000 	C:\Windows\SYSTEM32\bcrypt.dll
0x00007ffe89f70000 - 0x00007ffe89f8f000 	C:\Windows\SYSTEM32\USERENV.dll
0x00007ffe8a280000 - 0x00007ffe8a28b000 	C:\Windows\SYSTEM32\CRYPTBASE.dll
0x00007ffe89e60000 - 0x00007ffe89e98000 	C:\Windows\SYSTEM32\IPHLPAPI.DLL
0x00007ffe8db50000 - 0x00007ffe8db58000 	C:\Windows\System32\NSI.dll
0x00007ffe86380000 - 0x00007ffe86396000 	C:\Windows\SYSTEM32\dhcpcsvc6.DLL
0x00007ffe86340000 - 0x00007ffe8635a000 	C:\Windows\SYSTEM32\dhcpcsvc.DLL

VM Arguments:
jvm_args: -Xmx1536m -Dfile.encoding=windows-1252 -Duser.country=US -Duser.language=en -Duser.variant 
java_command: org.gradle.launcher.daemon.bootstrap.GradleDaemon 4.4
java_class_path (initial): C:\Users\Faishal Rachman\.gradle\wrapper\dists\gradle-4.4-all\9br9xq1tocpiv8o6njlyu5op1\gradle-4.4\lib\gradle-launcher-4.4.jar
Launcher Type: SUN_STANDARD

Environment Variables:
PATH=C:\Program Files\Microsoft MPI\Bin\;C:\ProgramData\Oracle\Java\javapath;C:\Windows\system32;C:\Windows;C:\Windows\System32\Wbem;C:\Windows\System32\WindowsPowerShell\v1.0\;C:\Program Files (x86)\NVIDIA Corporation\PhysX\Common;C:\Program Files\Git\cmd;C:\Program Files\nodejs\;C:\Program Files (x86)\Bitvise SSH Client;C:\Program Files\PuTTY\;C:\Program Files (x86)\Windows Kits\8.1\Windows Performance Toolkit\;C:\Program Files\Microsoft SQL Server\110\Tools\Binn\;C:\ProgramData\ComposerSetup\bin;C:\Program Files\Microsoft VS Code\bin;C:\Program Files\MySQL\MySQL Utilities 1.6\;C:\Users\Faishal Rachman\AppData\Local\Programs\Python\Python36-32\Scripts\;C:\Users\Faishal Rachman\AppData\Local\Programs\Python\Python36-32\;C:\Program Files\php;C:\Program Files\Microsoft VS Code\bin;C:\Users\Faishal Rachman\AppData\Roaming\Composer\vendor\bin;D:\Install\FlutterSDK\flutter\bin;C:\Program Files\gecko
USERNAME=Faishal Rachman
OS=Windows_NT
PROCESSOR_IDENTIFIER=Intel64 Family 6 Model 142 Stepping 9, GenuineIntel



---------------  S Y S T E M  ---------------

OS: Windows 10.0 , 64 bit Build 14393 (10.0.14393.1198)

CPU:total 4 (initial active 4) (2 cores per cpu, 2 threads per core) family 6 model 142 stepping 9, cmov, cx8, fxsr, mmx, sse, sse2, sse3, ssse3, sse4.1, sse4.2, popcnt, avx, avx2, aes, clmul, erms, 3dnowpref, lzcnt, ht, tsc, tscinvbit, bmi1, bmi2, adx

Memory: 4k page, physical 12454628k(1228708k free), swap 20646628k(3072k free)

vm_info: OpenJDK 64-Bit Server VM (25.152-b02) for windows-amd64 JRE (1.8.0_152-release-1024-b02), built by "builder" with MS VC++ 10.0 (VS2010)

time: Sat Sep 15 07:58:21 2018
elapsed time: 4 seconds (0d 0h 0m 4s)

